c:\projects\c++mfc\mfc casablanca ex\mfc casablanca ex\debug\vc142.pdb
c:\projects\c++mfc\mfc casablanca ex\mfc casablanca ex\debug\vc142.idb
c:\projects\c++mfc\mfc casablanca ex\mfc casablanca ex\debug\mfc casablanca exview.obj
c:\projects\c++mfc\mfc casablanca ex\mfc casablanca ex\debug\mfc casablanca exdoc.obj
c:\projects\c++mfc\mfc casablanca ex\mfc casablanca ex\debug\mfc casablanca ex.obj
c:\projects\c++mfc\mfc casablanca ex\mfc casablanca ex\debug\mainfrm.obj
c:\projects\c++mfc\mfc casablanca ex\mfc casablanca ex\debug\chttprequest.obj
c:\projects\c++mfc\mfc casablanca ex\mfc casablanca ex\debug\mfc casablanca ex.pch
c:\projects\c++mfc\mfc casablanca ex\mfc casablanca ex\debug\pch.obj
c:\projects\c++mfc\mfc casablanca ex\mfc casablanca ex\debug\cdlg.obj
c:\projects\c++mfc\mfc casablanca ex\mfc casablanca ex\debug\markup.obj
c:\projects\c++mfc\mfc casablanca ex\debug\cpprest141_2_10d.dll
c:\projects\c++mfc\mfc casablanca ex\debug\mfc casablanca ex.exe
c:\projects\c++mfc\mfc casablanca ex\debug\mfc casablanca ex.ilk
c:\projects\c++mfc\mfc casablanca ex\debug\mfc casablanca ex.pdb
c:\projects\c++mfc\mfc casablanca ex\mfc casablanca ex\debug\mfccasablancaex.res
c:\projects\c++mfc\mfc casablanca ex\mfc casablanca ex\debug\mfc casa.898280d7.tlog\cl.command.1.tlog
c:\projects\c++mfc\mfc casablanca ex\mfc casablanca ex\debug\mfc casa.898280d7.tlog\cl.read.1.tlog
c:\projects\c++mfc\mfc casablanca ex\mfc casablanca ex\debug\mfc casa.898280d7.tlog\cl.write.1.tlog
c:\projects\c++mfc\mfc casablanca ex\mfc casablanca ex\debug\mfc casa.898280d7.tlog\copylocal.read.1u.tlog
c:\projects\c++mfc\mfc casablanca ex\mfc casablanca ex\debug\mfc casa.898280d7.tlog\copylocal.write.1u.tlog
c:\projects\c++mfc\mfc casablanca ex\mfc casablanca ex\debug\mfc casa.898280d7.tlog\link.command.1.tlog
c:\projects\c++mfc\mfc casablanca ex\mfc casablanca ex\debug\mfc casa.898280d7.tlog\link.read.1.tlog
c:\projects\c++mfc\mfc casablanca ex\mfc casablanca ex\debug\mfc casa.898280d7.tlog\link.write.1.tlog
c:\projects\c++mfc\mfc casablanca ex\mfc casablanca ex\debug\mfc casa.898280d7.tlog\rc.command.1.tlog
c:\projects\c++mfc\mfc casablanca ex\mfc casablanca ex\debug\mfc casa.898280d7.tlog\rc.read.1.tlog
c:\projects\c++mfc\mfc casablanca ex\mfc casablanca ex\debug\mfc casa.898280d7.tlog\rc.write.1.tlog
